============================= test session starts ==============================
platform linux -- Python 3.11.15, pytest-8.2.0, pluggy-1.6.0 -- /home/kamau/.local/share/mise/installs/python/3.11.15/bin/python3
cachedir: .pytest_cache
rootdir: /home/kamau/black-scholes-comparison/apps/api
configfile: pyproject.toml
plugins: anyio-4.13.0, timeout-2.3.1, mock-3.14.0, cov-5.0.0, asyncio-0.23.6, base-url-2.1.0, playwright-0.7.2
asyncio: mode=Mode.AUTO
collecting ... collected 118 items

tests/unit/test_cache.py::TestRedisClient::test_get_redis_init PASSED    [  0%]
tests/unit/test_cache.py::TestCacheDecorator::test_cache_hit PASSED      [  1%]
tests/unit/test_cache.py::TestCacheDecorator::test_cache_miss PASSED     [  2%]
tests/unit/test_cache.py::TestCacheDecorator::test_cache_error_graceful PASSED [  3%]
tests/unit/test_cache.py::TestCacheDecorator::test_cache_pydantic PASSED [  4%]
tests/unit/test_final_gaps.py::TestAnalysisGaps::test_analyze_convergence_order PASSED [  5%]
tests/unit/test_final_gaps.py::TestWebsocketManagerGaps::test_broadcast_dead_connection PASSED [  5%]
tests/unit/test_final_gaps.py::TestWebsocketManagerGaps::test_websocket_edge_cases PASSED [  6%]
tests/unit/test_final_gaps.py::TestWebsocketManagerGaps::test_redis_listener_error PASSED [  7%]
tests/unit/test_final_gaps.py::TestWebsocketManagerGaps::test_redis_listener_messages PASSED [  8%]
tests/unit/test_final_gaps.py::TestWebsocketManagerGaps::test_redis_listener_coroutine_and_types PASSED [  9%]
tests/unit/test_final_gaps.py::TestWebsocketManagerGaps::test_redis_listener_cancelled PASSED [ 10%]
tests/unit/test_final_gaps.py::TestNotificationsGaps::test_notify_user_variants PASSED [ 11%]
tests/unit/test_final_gaps.py::TestNotificationChannelsGaps::test_email_no_api_key PASSED [ 11%]
tests/unit/test_final_gaps.py::TestNotificationChannelsGaps::test_email_success PASSED [ 12%]
tests/unit/test_final_gaps.py::TestNotificationChannelsGaps::test_email_exception PASSED [ 13%]
tests/unit/test_final_gaps.py::TestNotificationChannelsGaps::test_push_no_subscriptions PASSED [ 14%]
tests/unit/test_final_gaps.py::TestNotificationChannelsGaps::test_push_valid_subscriptions PASSED [ 15%]
tests/unit/test_final_gaps.py::TestNotificationChannelsGaps::test_push_invalid_subscription PASSED [ 16%]
tests/unit/test_final_gaps.py::TestNotificationChannelsGaps::test_push_outer_exception PASSED [ 16%]
tests/unit/test_final_gaps.py::TestScrapersGaps::test_nse_scraper_failure PASSED [ 17%]
tests/unit/test_final_gaps.py::TestScrapersGaps::test_nse_happy_path PASSED [ 18%]
tests/unit/test_final_gaps.py::TestScrapersGaps::test_nse_empty_selected_val PASSED [ 19%]
tests/unit/test_final_gaps.py::TestScrapersGaps::test_nse_zero_ask_skipped PASSED [ 20%]
tests/unit/test_final_gaps.py::TestScrapersGaps::test_nse_short_row_skipped PASSED [ 21%]
tests/unit/test_final_gaps.py::TestScrapersGaps::test_nse_parsing_valueerror PASSED [ 22%]
tests/unit/test_final_gaps.py::TestScrapersGaps::test_nse_expiry_invalid_date PASSED [ 22%]
tests/unit/test_final_gaps.py::TestScrapersGaps::test_nse_run_method PASSED [ 23%]
tests/unit/test_final_gaps.py::TestScrapersGaps::test_spy_happy_path PASSED [ 24%]
tests/unit/test_final_gaps.py::TestScrapersGaps::test_spy_underlying_valueerror PASSED [ 25%]
tests/unit/test_final_gaps.py::TestScrapersGaps::test_spy_invalid_val_isdigit PASSED [ 26%]
tests/unit/test_final_gaps.py::TestScrapersGaps::test_spy_zero_ask_skipped PASSED [ 27%]
tests/unit/test_final_gaps.py::TestScrapersGaps::test_spy_short_row_skipped PASSED [ 27%]
tests/unit/test_final_gaps.py::TestScrapersGaps::test_spy_parsing_valueerror PASSED [ 28%]
tests/unit/test_final_gaps.py::TestScrapersGaps::test_spy_expiry_isdigit_branch PASSED [ 29%]
tests/unit/test_final_gaps.py::TestScrapersGaps::test_spy_outer_exception PASSED [ 30%]
tests/unit/test_final_gaps.py::TestScrapersGaps::test_spy_run_method PASSED [ 31%]
tests/unit/test_final_gaps.py::TestMainLifespan::test_lifespan_variants PASSED [ 32%]
tests/unit/test_final_gaps.py::TestAuthDepsGaps::test_verify_ws_token_empty PASSED [ 33%]
tests/unit/test_final_gaps.py::TestPricingRouterGaps::test_compare_no_analytical_reference PASSED [ 33%]
tests/unit/test_methods.py::TestOptionParams::test_valid_params PASSED   [ 34%]
tests/unit/test_methods.py::TestOptionParams::test_invalid_price PASSED  [ 35%]
tests/unit/test_methods.py::TestOptionParams::test_invalid_volatility PASSED [ 36%]
tests/unit/test_methods.py::TestOptionParams::test_invalid_type PASSED   [ 37%]
tests/unit/test_methods.py::TestOptionParams::test_methods_base_protocol PASSED [ 38%]
tests/unit/test_methods.py::TestAnalytical::test_price_call PASSED       [ 38%]
tests/unit/test_methods.py::TestAnalytical::test_price_put PASSED        [ 39%]
tests/unit/test_methods.py::TestAnalytical::test_greeks PASSED           [ 40%]
tests/unit/test_methods.py::TestAnalytical::test_implied_volatility PASSED [ 41%]
tests/unit/test_methods.py::TestAnalytical::test_implied_volatility_failure PASSED [ 42%]
tests/unit/test_methods.py::TestAnalytical::test_asian_option PASSED     [ 43%]
tests/unit/test_methods.py::TestFDM::test_fdm_basic[call-ExplicitFDM] PASSED [ 44%]
tests/unit/test_methods.py::TestFDM::test_fdm_basic[call-ImplicitFDM] PASSED [ 44%]
tests/unit/test_methods.py::TestFDM::test_fdm_basic[call-CrankNicolsonFDM] PASSED [ 45%]
tests/unit/test_methods.py::TestFDM::test_fdm_basic[put-ExplicitFDM] PASSED [ 46%]
tests/unit/test_methods.py::TestFDM::test_fdm_basic[put-ImplicitFDM] PASSED [ 47%]
tests/unit/test_methods.py::TestFDM::test_fdm_basic[put-CrankNicolsonFDM] PASSED [ 48%]
tests/unit/test_methods.py::TestFDM::test_fdm_boundary_conditions PASSED [ 49%]
tests/unit/test_methods.py::TestFDM::test_explicit_cfl_violation PASSED  [ 50%]
tests/unit/test_methods.py::TestFDM::test_explicit_cfl_bumping PASSED    [ 50%]
tests/unit/test_methods.py::TestMonteCarlo::test_mc_basic[call-StandardMC] PASSED [ 51%]
tests/unit/test_methods.py::TestMonteCarlo::test_mc_basic[call-AntitheticMC] PASSED [ 52%]
tests/unit/test_methods.py::TestMonteCarlo::test_mc_basic[call-ControlVariateMC] PASSED [ 53%]
tests/unit/test_methods.py::TestMonteCarlo::test_mc_basic[call-QuasiMC] PASSED [ 54%]
tests/unit/test_methods.py::TestMonteCarlo::test_mc_basic[put-StandardMC] PASSED [ 55%]
tests/unit/test_methods.py::TestMonteCarlo::test_mc_basic[put-AntitheticMC] PASSED [ 55%]
tests/unit/test_methods.py::TestMonteCarlo::test_mc_basic[put-ControlVariateMC] PASSED [ 56%]
tests/unit/test_methods.py::TestMonteCarlo::test_mc_basic[put-QuasiMC] PASSED [ 57%]
tests/unit/test_methods.py::TestMonteCarlo::test_small_maturity_theta[StandardMC] PASSED [ 58%]
tests/unit/test_methods.py::TestMonteCarlo::test_small_maturity_theta[AntitheticMC] PASSED [ 59%]
tests/unit/test_methods.py::TestMonteCarlo::test_small_maturity_theta[ControlVariateMC] PASSED [ 60%]
tests/unit/test_methods.py::TestMonteCarlo::test_small_maturity_theta[QuasiMC] PASSED [ 61%]
tests/unit/test_methods.py::TestTrees::test_binomial_crr_european PASSED [ 61%]
tests/unit/test_methods.py::TestTrees::test_binomial_crr_american_put PASSED [ 62%]
tests/unit/test_methods.py::TestTrees::test_binomial_crr_richardson_logic PASSED [ 63%]
tests/unit/test_methods.py::TestTrees::test_trinomial_basic PASSED       [ 64%]
tests/unit/test_methods.py::TestTrees::test_trinomial_put PASSED         [ 65%]
tests/unit/test_methods.py::TestTrees::test_trinomial_american PASSED    [ 66%]
tests/unit/test_methods.py::TestTrees::test_richardson_wrappers PASSED   [ 66%]
tests/unit/test_methods.py::TestTrees::test_richardson_none_greeks PASSED [ 67%]
tests/unit/test_methods.py::TestAnalysis::test_channels PASSED           [ 68%]
tests/unit/test_methods.py::TestAnalysis::test_compute_mape PASSED       [ 69%]
tests/unit/test_methods.py::TestAnalysis::test_get_convergence_metrics PASSED [ 70%]
tests/unit/test_methods.py::test_cross_method_agreement FAILED           [ 71%]
tests/unit/test_queue.py::TestRabbitMQClient::test_get_connection_reuse PASSED [ 72%]
tests/unit/test_queue.py::TestRabbitMQClient::test_close_connection PASSED [ 72%]
tests/unit/test_queue.py::TestPublisher::test_publish_scrape PASSED      [ 73%]
tests/unit/test_queue.py::TestPublisher::test_publish_experiment PASSED  [ 74%]
tests/unit/test_queue.py::TestConsumer::test_handle_scrape_task PASSED   [ 75%]
tests/unit/test_queue.py::TestConsumer::test_handle_scrape_task_failure PASSED [ 76%]
tests/unit/test_queue.py::TestConsumer::test_handle_scrape_task_json_fail PASSED [ 77%]
tests/unit/test_queue.py::TestConsumer::test_handle_experiment_task_success PASSED [ 77%]
tests/unit/test_queue.py::TestConsumer::test_handle_experiment_task_failure PASSED [ 78%]
tests/unit/test_queue.py::TestConsumer::test_start_consumers_success PASSED [ 79%]
tests/unit/test_queue.py::TestConsumer::test_start_consumers_error PASSED [ 80%]
tests/unit/test_queue.py::TestScrapers::test_scraper_factory PASSED      [ 81%]
tests/unit/test_queue.py::TestWebSocket::test_manager_connect_disconnect PASSED [ 82%]
tests/unit/test_queue.py::TestWebSocket::test_channels PASSED            [ 83%]
tests/unit/test_storage.py::TestMinioClient::test_get_minio_init PASSED  [ 83%]
tests/unit/test_storage.py::TestMinioClient::test_get_minio_s3_error PASSED [ 84%]
tests/unit/test_storage.py::TestStorageService::test_upload_export_success PASSED [ 85%]
tests/unit/test_validators.py::TestNumericValidators::test_success PASSED [ 86%]
tests/unit/test_validators.py::TestNumericValidators::test_failure PASSED [ 87%]
tests/unit/test_validators.py::TestQuoteValidator::test_success PASSED   [ 88%]
tests/unit/test_validators.py::TestQuoteValidator::test_missing_keys PASSED [ 88%]
tests/unit/test_validators.py::TestQuoteValidator::test_invalid_values PASSED [ 89%]
tests/unit/test_validators.py::TestInputModels::test_option_params_input PASSED [ 90%]
tests/unit/test_validators.py::TestInputModels::test_market_data_input PASSED [ 91%]
tests/unit/test_validators.py::TestInputModels::test_scraper_run_input PASSED [ 92%]
tests/unit/test_validators.py::TestInputModels::test_scraper_run_update PASSED [ 93%]
tests/unit/test_validators.py::TestInputModels::test_audit_log_input PASSED [ 94%]
tests/unit/test_validators.py::TestInputModels::test_notification_input PASSED [ 94%]
tests/unit/test_validators.py::TestInputModels::test_validation_metrics_input PASSED [ 95%]
tests/unit/test_validators.py::TestTransformers::test_transform_market_row PASSED [ 96%]
tests/unit/test_validators.py::TestTransformers::test_transform_batch_df PASSED [ 97%]
tests/unit/test_validators.py::TestAuth::test_get_current_user PASSED    [ 98%]
tests/unit/test_validators.py::TestAuth::test_verify_ws_token PASSED     [ 99%]
tests/unit/test_validators.py::TestConfig::test_settings_overrides PASSED [100%]

=================================== FAILURES ===================================
_________________________ test_cross_method_agreement __________________________
tests/unit/test_methods.py:273: in test_cross_method_agreement
    assert mape < 0.002
E   assert 0.002633990226643806 < 0.002
=============================== warnings summary ===============================
../../../.local/share/mise/installs/python/3.11.15/lib/python3.11/site-packages/supabase/_sync/auth_client.py:3
  /home/kamau/.local/share/mise/installs/python/3.11.15/lib/python3.11/site-packages/supabase/_sync/auth_client.py:3: DeprecationWarning: The `gotrue` package is deprecated, is not going to receive updates in the future. Please, use `supabase_auth` instead.
    from gotrue import (

tests/unit/test_final_gaps.py::TestScrapersGaps::test_spy_happy_path
tests/unit/test_final_gaps.py::TestScrapersGaps::test_spy_underlying_valueerror
  /home/kamau/black-scholes-comparison/apps/api/src/scrapers/spy_scraper.py:69: RuntimeWarning: coroutine 'AsyncMockMixin._execute_mock_call' was never awaited
    if val and val.isdigit():
  Enable tracemalloc to get traceback where the object was allocated.
  See https://docs.pytest.org/en/stable/how-to/capture-warnings.html#resource-warnings for more info.

-- Docs: https://docs.pytest.org/en/stable/how-to/capture-warnings.html

---------- coverage: platform linux, python 3.11.15-final-0 ----------
Name                                              Stmts   Miss Branch BrPart  Cover   Missing
---------------------------------------------------------------------------------------------
src/__init__.py                                       0      0      0      0   100%
src/analysis/__init__.py                              0      0      0      0   100%
src/analysis/convergence.py                          25      0     12      0   100%
src/analysis/statistics.py                           14      0      4      0   100%
src/auth/__init__.py                                  0      0      0      0   100%
src/auth/dependencies.py                             11      0      0      0   100%
src/cache/__init__.py                                 0      0      0      0   100%
src/cache/decorators.py                              34      0      2      0   100%
src/cache/redis_client.py                            13      0      0      0   100%
src/config.py                                        42      0      2      0   100%
src/data/__init__.py                                  0      0      0      0   100%
src/data/pipeline.py                                 65     48      8      0    23%   28-31, 38-39, 43-88, 92-142
src/data/transformers.py                             21      0      2      0   100%
src/data/validators.py                              105      0     22      0   100%
src/database/__init__.py                              0      0      0      0   100%
src/database/repository.py                          319    286     22      0    10%   22-51, 57-84, 93-109, 118-149, 160-180, 184-195, 199-210, 220-239, 243-254, 258-273, 277-294, 298-309, 320-332, 336-354, 360-375, 379-389, 393-405, 409-426, 430-441, 445-455, 459-475, 480-487
src/database/supabase_client.py                       7      2      0      0    71%   11-12
src/exceptions.py                                    21      0      0      0   100%
src/logging_config.py                                 5      0      0      0   100%
src/main.py                                          51      2      0      0    96%   54, 113
src/methods/__init__.py                               0      0      0      0   100%
src/methods/analytical.py                            77      0      6      0   100%
src/methods/base.py                                  35      0      0      0   100%
src/methods/finite_difference/__init__.py             4      0      0      0   100%
src/methods/finite_difference/crank_nicolson.py      53      0      8      0   100%
src/methods/finite_difference/explicit.py            56      0      6      0   100%
src/methods/finite_difference/implicit.py            68      0     12      0   100%
src/methods/monte_carlo/__init__.py                   5      0      0      0   100%
src/methods/monte_carlo/antithetic.py                45      0      4      0   100%
src/methods/monte_carlo/control_variates.py          56      0      4      0   100%
src/methods/monte_carlo/quasi_mc.py                  41      0      4      0   100%
src/methods/monte_carlo/standard.py                  35      0      2      0   100%
src/methods/tree_methods/__init__.py                  4      0      0      0   100%
src/methods/tree_methods/binomial_crr.py             57      0     14      0   100%
src/methods/tree_methods/richardson.py               41      0      4      0   100%
src/methods/tree_methods/trinomial.py                53      0     12      0   100%
src/metrics.py                                       20      0      0      0   100%
src/notifications/__init__.py                         0      0      0      0   100%
src/notifications/email.py                           24      0      2      0   100%
src/notifications/hierarchy.py                       25      0      4      0   100%
src/notifications/push.py                            23      0      6      0   100%
src/routers/__init__.py                               0      0      0      0   100%
src/routers/downloads.py                             48     32     12      0    27%   20-29, 34-48, 53-68, 77, 86
src/routers/experiments.py                           41     27      4      0    31%   24-32, 42-52, 60-71
src/routers/health.py                                41     28      2      0    30%   26-71
src/routers/market_data.py                           16      6      0      0    62%   24-29
src/routers/notifications.py                         32     18      0      0    44%   28-40, 48-55, 63-73
src/routers/pricing.py                               94     44     34      2    44%   39, 129-154, 169-197, 213, 231-232
src/routers/scrapers.py                              29     15      2      0    45%   26-41, 49-54
src/routers/websocket.py                             25     15      4      0    34%   24-44
src/scrapers/__init__.py                              0      0      0      0   100%
src/scrapers/base_scraper.py                          7      0      0      0   100%
src/scrapers/nse_next_scraper.py                     66      0     12      0   100%
src/scrapers/scraper_factory.py                      13      0      2      0   100%
src/scrapers/spy_scraper.py                          66      0     14      0   100%
src/storage/__init__.py                               0      0      0      0   100%
src/storage/minio_client.py                          20      0      4      0   100%
src/storage/storage_service.py                       14      0      0      0   100%
src/task_queues/__init__.py                           0      0      0      0   100%
src/task_queues/consumer.py                          46      0      0      0   100%
src/task_queues/publisher.py                         29      0      0      0   100%
src/task_queues/rabbitmq_client.py                   16      0      4      0   100%
src/websocket/__init__.py                             0      0      0      0   100%
src/websocket/channels.py                             2      0      0      0   100%
src/websocket/manager.py                             60      0     20      0   100%
---------------------------------------------------------------------------------------------
TOTAL                                              2120    523    276      2    75%

FAIL Required test coverage of 100.0% not reached. Total coverage: 74.75%
=========================== short test summary info ============================
FAILED tests/unit/test_methods.py::test_cross_method_agreement - assert 0.002...
================== 1 failed, 117 passed, 3 warnings in 22.89s ==================
