============================= test session starts ==============================
platform linux -- Python 3.14.4, pytest-9.0.3, pluggy-1.6.0 -- /home/kamau/black-scholes-comparison/apps/api/.venv/bin/python
cachedir: .pytest_cache
rootdir: /home/kamau/black-scholes-comparison/apps/api
configfile: pyproject.toml
plugins: anyio-4.13.0, cov-7.1.0, ddtrace-4.7.1, asyncio-1.3.0
asyncio: mode=Mode.AUTO, debug=False, asyncio_default_fixture_loop_scope=None, asyncio_default_test_loop_scope=function
collecting ... collected 94 items / 1 deselected / 93 selected

tests/unit/test_all_routers.py::TestAllRouters::test_market_data_router PASSED [  1%]
tests/unit/test_all_routers.py::TestAllRouters::test_scrapers_router_trigger PASSED [  2%]
tests/unit/test_all_routers.py::TestAllRouters::test_scrapers_router_runs PASSED [  3%]
tests/unit/test_all_routers.py::TestAllRouters::test_experiments_router_run PASSED [  4%]
tests/unit/test_all_routers.py::TestAllRouters::test_experiments_router_results PASSED [  5%]
tests/unit/test_all_routers.py::TestAllRouters::test_notifications_router PASSED [  6%]
tests/unit/test_all_routers.py::TestAllRouters::test_downloads_router PASSED [  7%]
tests/unit/test_api.py::TestAPI::test_pricing_endpoint_full PASSED       [  8%]
tests/unit/test_api.py::TestAPI::test_get_methods PASSED                 [  9%]
tests/unit/test_api.py::TestAPI::test_health_check_fail_branches PASSED  [ 10%]
tests/unit/test_api.py::TestAPI::test_market_data_fail PASSED            [ 11%]
tests/unit/test_api.py::TestAPI::test_notifications_branches PASSED      [ 12%]
tests/unit/test_api.py::TestAPI::test_scrapers_branches PASSED           [ 13%]
tests/unit/test_api.py::TestAPI::test_experiments_branches PASSED        [ 15%]
tests/unit/test_api.py::TestAPI::test_download_branches PASSED           [ 16%]
tests/unit/test_cache.py::TestCache::test_get_redis_init PASSED          [ 17%]
tests/unit/test_cache.py::TestCache::test_cache_decorator_hit PASSED     [ 18%]
tests/unit/test_cache.py::TestCache::test_cache_decorator_miss PASSED    [ 19%]
tests/unit/test_cache.py::TestCache::test_cache_decorator_error PASSED   [ 20%]
tests/unit/test_infrastructure.py::TestInfrastructure::test_settings_load PASSED [ 21%]
tests/unit/test_infrastructure.py::TestInfrastructure::test_exceptions PASSED [ 22%]
tests/unit/test_infrastructure.py::TestInfrastructure::test_metrics_definitions PASSED [ 23%]
tests/unit/test_infrastructure.py::TestInfrastructure::test_logging_config PASSED [ 24%]
tests/unit/test_methods.py::test_all_methods_call PASSED                 [ 25%]
tests/unit/test_methods.py::test_all_methods_put PASSED                  [ 26%]
tests/unit/test_methods.py::test_american_call PASSED                    [ 27%]
tests/unit/test_methods.py::test_american_put PASSED                     [ 29%]
tests/unit/test_methods.py::test_analytical_extras PASSED                [ 30%]
tests/unit/test_methods.py::test_implied_volatility_logic PASSED         [ 31%]
tests/unit/test_methods.py::test_explicit_fdm_cfl_violation PASSED       [ 32%]
tests/unit/test_methods_edge.py::TestMethodsEdgeCases::test_explicit_fdm_cfl_violation PASSED [ 33%]
tests/unit/test_methods_edge.py::TestMethodsEdgeCases::test_standard_mc_put PASSED [ 34%]
tests/unit/test_methods_edge.py::TestMethodsEdgeCases::test_antithetic_mc_put PASSED [ 35%]
tests/unit/test_methods_edge.py::TestMethodsEdgeCases::test_quasi_mc_put PASSED [ 36%]
tests/unit/test_methods_edge.py::TestMethodsEdgeCases::test_control_variate_put PASSED [ 37%]
tests/unit/test_methods_edge.py::TestMethodsEdgeCases::test_binomial_put PASSED [ 38%]
tests/unit/test_methods_edge.py::TestMethodsEdgeCases::test_trinomial_put PASSED [ 39%]
tests/unit/test_methods_final.py::test_binomial_american_put_coverage PASSED [ 40%]
tests/unit/test_methods_final.py::test_trinomial_american_call_coverage PASSED [ 41%]
tests/unit/test_modules_v4.py::TestDataTransformers::test_transform_market_row_success PASSED [ 43%]
tests/unit/test_modules_v4.py::TestAnalysis::test_compute_mape PASSED    [ 44%]
tests/unit/test_modules_v4.py::TestScraperFactory::test_get_scraper PASSED [ 45%]
tests/unit/test_modules_v4.py::TestStorage::test_upload_export PASSED    [ 46%]
tests/unit/test_modules_v4.py::TestAuthDeps::test_verify_ws_token_success PASSED [ 47%]
tests/unit/test_modules_v4.py::TestAuthDeps::test_verify_ws_token_missing PASSED [ 48%]
tests/unit/test_modules_v4.py::TestWebSocketManager::test_connect_disconnect PASSED [ 49%]
tests/unit/test_modules_v4.py::TestNotifications::test_notify_user PASSED [ 50%]
tests/unit/test_notifications.py::TestNotifications::test_notify_user_hierarchy_success PASSED [ 51%]
tests/unit/test_notifications.py::TestNotifications::test_notify_user_hierarchy_failure PASSED [ 52%]
tests/unit/test_notifications.py::TestNotifications::test_email_service_success PASSED [ 53%]
tests/unit/test_notifications.py::TestNotifications::test_email_service_no_key PASSED [ 54%]
tests/unit/test_notifications.py::TestNotifications::test_email_service_failure PASSED [ 55%]
tests/unit/test_notifications.py::TestNotifications::test_push_service_success PASSED [ 56%]
tests/unit/test_notifications.py::TestNotifications::test_push_service_partial_failure PASSED [ 58%]
tests/unit/test_notifications.py::TestNotifications::test_push_service_no_subs PASSED [ 59%]
tests/unit/test_notifications.py::TestNotifications::test_push_service_failure PASSED [ 60%]
tests/unit/test_pipeline.py::TestDataPipeline::test_pipeline_run_success PASSED [ 61%]
tests/unit/test_pipeline.py::TestDataPipeline::test_pipeline_no_market PASSED [ 62%]
tests/unit/test_pipeline.py::TestDataPipeline::test_pipeline_run_failure PASSED [ 63%]
tests/unit/test_pipeline.py::TestDataPipeline::test_pipeline_row_failure PASSED [ 64%]
tests/unit/test_queue.py::TestPublisher::test_publish_scrape_task PASSED [ 65%]
tests/unit/test_queue.py::TestPublisher::test_publish_experiment_task PASSED [ 66%]
tests/unit/test_queue.py::TestConsumer::test_handle_scrape_task PASSED   [ 67%]
tests/unit/test_queue.py::TestConsumer::test_handle_scrape_task_failure PASSED [ 68%]
tests/unit/test_routers.py::TestRouters::test_root_endpoint PASSED       [ 69%]
tests/unit/test_routers.py::TestRouters::test_health_check PASSED        [ 70%]
tests/unit/test_routers.py::TestRouters::test_pricing_endpoint PASSED    [ 72%]
tests/unit/test_routers.py::TestRouters::test_methods_list PASSED        [ 73%]
tests/unit/test_routers.py::TestRouters::test_docs_reachability PASSED   [ 74%]
tests/unit/test_scrapers.py::TestScrapers::test_spy_scraper_success PASSED [ 75%]
tests/unit/test_scrapers.py::TestScrapers::test_spy_scraper_failure PASSED [ 76%]
tests/unit/test_scrapers.py::TestScrapers::test_nse_scraper_success PASSED [ 77%]
tests/unit/test_scrapers.py::TestScrapers::test_nse_scraper_failure PASSED [ 78%]
tests/unit/test_scrapers.py::TestScrapers::test_nse_scraper_row_failure PASSED [ 79%]
tests/unit/test_scrapers.py::TestScrapers::test_scraper_factory PASSED   [ 80%]
tests/unit/test_scrapers.py::TestScrapers::test_base_scraper_abstract PASSED [ 81%]
tests/unit/test_storage.py::TestStorage::test_get_minio_init PASSED      [ 82%]
tests/unit/test_storage.py::TestStorage::test_get_minio_s3_error PASSED  [ 83%]
tests/unit/test_storage.py::TestStorage::test_upload_export PASSED       [ 84%]
tests/unit/test_transformers.py::TestTransformers::test_transform_market_row_success PASSED [ 86%]
tests/unit/test_transformers.py::TestTransformers::test_transform_market_row_failure PASSED [ 87%]
tests/unit/test_transformers.py::TestTransformers::test_transform_batch_df_success PASSED [ 88%]
tests/unit/test_transformers.py::TestTransformers::test_transform_batch_df_partial_failure PASSED [ 89%]
tests/unit/test_validators.py::TestValidators::test_numeric_validators_success PASSED [ 90%]
tests/unit/test_validators.py::TestValidators::test_numeric_validators_failure PASSED [ 91%]
tests/unit/test_validators.py::TestValidators::test_validate_quote_success PASSED [ 92%]
tests/unit/test_validators.py::TestValidators::test_validate_quote_missing_keys PASSED [ 93%]
tests/unit/test_validators.py::TestValidators::test_validate_quote_invalid_values PASSED [ 94%]
tests/unit/test_websocket.py::TestWebSocketManager::test_connect_disconnect PASSED [ 95%]
tests/unit/test_websocket.py::TestWebSocketManager::test_broadcast PASSED [ 96%]
tests/unit/test_websocket.py::TestWebSocketManager::test_redis_listener_flow PASSED [ 97%]
tests/unit/test_websocket.py::TestWebSocketManager::test_redis_listener_error PASSED [ 98%]
tests/unit/test_websocket.py::TestWebSocketManager::test_channels_import PASSED [100%]
ERROR: Coverage failure: total of 78 is less than fail-under=100


=============================== warnings summary ===============================
src/routers/downloads.py:55
  /home/kamau/black-scholes-comparison/apps/api/src/routers/downloads.py:55: FastAPIDeprecationWarning: `regex` has been deprecated, please use `pattern` instead
    format: str = Query("csv", regex="^(csv|json|xlsx)$"),

src/main.py:64
  /home/kamau/black-scholes-comparison/apps/api/src/main.py:64: DeprecationWarning: 
          on_event is deprecated, use lifespan event handlers instead.
  
          Read more about it in the
          [FastAPI docs for Lifespan Events](https://fastapi.tiangolo.com/advanced/events/).
          
    @app.on_event("startup")

.venv/lib/python3.14/site-packages/fastapi/applications.py:4598
  /home/kamau/black-scholes-comparison/apps/api/.venv/lib/python3.14/site-packages/fastapi/applications.py:4598: DeprecationWarning: 
          on_event is deprecated, use lifespan event handlers instead.
  
          Read more about it in the
          [FastAPI docs for Lifespan Events](https://fastapi.tiangolo.com/advanced/events/).
          
    return self.router.on_event(event_type)  # ty: ignore[deprecated]

tests/unit/test_modules_v4.py::TestStorage::test_upload_export
tests/unit/test_storage.py::TestStorage::test_upload_export
  /home/kamau/black-scholes-comparison/apps/api/src/storage/storage_service.py:27: DeprecationWarning: datetime.datetime.utcnow() is deprecated and scheduled for removal in a future version. Use timezone-aware objects to represent datetimes in UTC: datetime.datetime.now(datetime.UTC).
    object_name = f"exports/{datetime.datetime.utcnow():%Y/%m/%d}/{filename}"

tests/unit/test_pipeline.py::TestDataPipeline::test_pipeline_run_success
tests/unit/test_pipeline.py::TestDataPipeline::test_pipeline_row_failure
tests/unit/test_pipeline.py::TestDataPipeline::test_pipeline_row_failure
  /home/kamau/black-scholes-comparison/apps/api/src/data/pipeline.py:75: PydanticDeprecatedSince20: The `dict` method is deprecated; use `model_dump` instead. Deprecated in Pydantic V2.0 to be removed in V3.0. See Pydantic V2 Migration Guide at https://errors.pydantic.dev/2.13/migration/
    option_id = await upsert_option_parameters(params.dict())

-- Docs: https://docs.pytest.org/en/stable/how-to/capture-warnings.html
================================ tests coverage ================================
_______________ coverage: platform linux, python 3.14.4-final-0 ________________

Name                                              Stmts   Miss Branch BrPart  Cover   Missing
---------------------------------------------------------------------------------------------
src/__init__.py                                       0      0      0      0   100%
src/analysis/__init__.py                              0      0      0      0   100%
src/analysis/convergence.py                           8      4      2      0    40%   15-20
src/analysis/statistics.py                           14      5      4      1    56%   14, 23-29
src/auth/__init__.py                                  0      0      0      0   100%
src/auth/dependencies.py                             33     15      6      1    54%   21-37, 54-55, 58-61
src/auth/oauth.py                                    19     19      2      0     0%   3-41
src/cache/__init__.py                                 0      0      0      0   100%
src/cache/decorators.py                              25      0      2      0   100%
src/cache/redis_client.py                            12      0      0      0   100%
src/config.py                                        28      1      0      0    96%   25
src/data/__init__.py                                  0      0      0      0   100%
src/data/pipeline.py                                 59      0      8      1    99%   96->99
src/data/transformers.py                             21      0      2      0   100%
src/data/validators.py                              105      0     22      0   100%
src/database/__init__.py                              0      0      0      0   100%
src/database/repository.py                          305    275     16      0     9%   20-51, 55-75, 84-117, 128-150, 154-166, 170-183, 193-214, 218-231, 235-252, 256-271, 275-288, 298-316, 320-335, 345-363, 369-386, 390-402, 406-420, 424-442, 446-458, 462-472, 476-493
src/database/supabase_client.py                       7      2      0      0    71%   11-12
src/exceptions.py                                    20      0      0      0   100%
src/logging_config.py                                 5      0      0      0   100%
src/main.py                                          34      6      0      0    82%   67-72
src/methods/__init__.py                               0      0      0      0   100%
src/methods/analytical.py                            72      0      6      0   100%
src/methods/base.py                                  18      0      0      0   100%
src/methods/finite_difference/__init__.py             0      0      0      0   100%
src/methods/finite_difference/crank_nicolson.py      41      0      8      0   100%
src/methods/finite_difference/explicit.py            37      0     10      0   100%
src/methods/finite_difference/implicit.py            48      0     12      0   100%
src/methods/monte_carlo/__init__.py                   0      0      0      0   100%
src/methods/monte_carlo/antithetic.py                27      0      2      0   100%
src/methods/monte_carlo/control_variates.py          35      0      6      0   100%
src/methods/monte_carlo/quasi_mc.py                  24      0      2      0   100%
src/methods/monte_carlo/standard.py                  21      0      2      0   100%
src/methods/tree_methods/__init__.py                  0      0      0      0   100%
src/methods/tree_methods/binomial_crr.py             31      0      8      0   100%
src/methods/tree_methods/richardson.py               14      0      0      0   100%
src/methods/tree_methods/trinomial.py                31      0      8      0   100%
src/metrics.py                                       20      0      0      0   100%
src/notifications/__init__.py                         0      0      0      0   100%
src/notifications/email.py                           15      0      2      0   100%
src/notifications/hierarchy.py                       25      0      4      0   100%
src/notifications/push.py                            23      0      6      0   100%
src.task_queues/__init__.py                                 0      0      0      0   100%
src.task_queues/consumer.py                                33     15      2      1    54%   32, 37-39, 45-59
src.task_queues/publisher.py                               22      0      0      0   100%
src.task_queues/rabbitmq_client.py                         10      4      0      0    60%   15-22
src/routers/__init__.py                               0      0      0      0   100%
src/routers/downloads.py                             47     11     12      2    68%   27-30, 38-49
src/routers/experiments.py                           42      5      4      2    85%   50, 70, 73-77
src/routers/health.py                                41      0      2      1    98%   58->65
src/routers/market_data.py                           17      0      0      0   100%
src/routers/notifications.py                         32      1      0      0    97%   60
src/routers/pricing.py                               55      0      8      0   100%
src/routers/scrapers.py                              29      0      2      1    97%   26->29
src/routers/websocket.py                             25     15      4      0    34%   24-45
src/scrapers/__init__.py                              0      0      0      0   100%
src/scrapers/base_scraper.py                          7      0      0      0   100%
src/scrapers/nse_next_scraper.py                     48      0      6      1    98%   71->57
src/scrapers/scraper_factory.py                      13      0      2      0   100%
src/scrapers/spy_scraper.py                          30      0      0      0   100%
src/storage/__init__.py                               0      0      0      0   100%
src/storage/minio_client.py                          20      0      4      0   100%
src/storage/storage_service.py                       14      0      0      0   100%
src/websocket/__init__.py                             0      0      0      0   100%
src/websocket/channels.py                             2      0      0      0   100%
src/websocket/manager.py                             58      0     18      4    95%   32->37, 47->55, 49->55, 81->exit
---------------------------------------------------------------------------------------------
TOTAL                                              1722    378    204     15    78%
FAIL Required test coverage of 100.0% not reached. Total coverage: 77.83%
================ 93 passed, 1 deselected, 8 warnings in 43.90s =================
